This is pdfTeX, Version 3.14159265-2.6-1.40.16 (MiKTeX 2.9) (preloaded format=pdflatex 2015.10.26)  18 APR 2016 10:22
entering extended mode
**main.article.SplitPageWithNotes.tex
(main.article.SplitPageWithNotes.tex
LaTeX2e <2015/01/01> patch level 2
Babel <3.9m> and hyphenation patterns for 69 languages loaded.
("C:\Program Files (x86)\MiKTeX 2.9\tex\latex\beamer\base\beamer.cls"
("C:\Program Files (x86)\MiKTeX 2.9\tex\latex\beamer\base\beamerbasercs.sty"
Package: beamerbasercs 2015/03/08 (rcs-revision 368aa9ba9d38)
)
Document Class: beamer 2015/01/05 3.36 A class for typesetting presentations (r
cs-revision 8a39122e1f63)
("C:\Program Files (x86)\MiKTeX 2.9\tex\latex\beamer\base\beamerbasemodes.sty"
Package: beamerbasemodes 2013/09/03 (rcs-revision 768f2d98ca64)
\beamer@tempbox=\box26
\beamer@tempcount=\count79
\c@beamerpauses=\count80

("C:\Program Files (x86)\MiKTeX 2.9\tex\latex\beamer\base\beamerbasedecode.sty"
Package: beamerbasedecode 2010/05/01 (rcs-revision efa082c6111d)
\beamer@slideinframe=\count81
\beamer@minimum=\count82
)
\beamer@commentbox=\box27
\beamer@modecount=\count83
) ("C:\Program Files (x86)\MiKTeX 2.9\tex\generic\oberdiek\ifpdf.sty"
Package: ifpdf 2011/01/30 v2.3 Provides the ifpdf switch (HO)
Package ifpdf Info: pdfTeX in PDF mode is detected.
)
\headheight=\dimen102
\headdp=\dimen103
\footheight=\dimen104
\sidebarheight=\dimen105
\beamer@tempdim=\dimen106
\beamer@finalheight=\dimen107
\beamer@animht=\dimen108
\beamer@animdp=\dimen109
\beamer@animwd=\dimen110
\beamer@leftmargin=\dimen111
\beamer@rightmargin=\dimen112
\beamer@leftsidebar=\dimen113
\beamer@rightsidebar=\dimen114
\beamer@boxsize=\dimen115
\beamer@vboxoffset=\dimen116
\beamer@descdefault=\dimen117
\beamer@descriptionwidth=\dimen118
\beamer@lastskip=\skip41
\beamer@areabox=\box28
\beamer@animcurrent=\box29
\beamer@animshowbox=\box30
\beamer@sectionbox=\box31
\beamer@logobox=\box32
\beamer@linebox=\box33
\beamer@sectioncount=\count84
\beamer@subsubsectionmax=\count85
\beamer@subsectionmax=\count86
\beamer@sectionmax=\count87
\beamer@totalheads=\count88
\beamer@headcounter=\count89
\beamer@partstartpage=\count90
\beamer@sectionstartpage=\count91
\beamer@subsectionstartpage=\count92
\beamer@animationtempa=\count93
\beamer@animationtempb=\count94
\beamer@xpos=\count95
\beamer@ypos=\count96
\beamer@showpartnumber=\count97
\beamer@currentsubsection=\count98
\beamer@coveringdepth=\count99
\beamer@sectionadjust=\count100
\beamer@tocsectionnumber=\count101

("C:\Program Files (x86)\MiKTeX 2.9\tex\latex\beamer\base\beamerbaseoptions.sty
"
Package: beamerbaseoptions 2013/03/10 (rcs-revision 47431932db0d)
 ("C:\Program Files (x86)\MiKTeX 2.9\tex\latex\graphics\keyval.sty"
Package: keyval 2014/10/28 v1.15 key=value parser (DPC)
\KV@toks@=\toks14
))
\beamer@paperwidth=\skip42
\beamer@paperheight=\skip43

("C:\Program Files (x86)\MiKTeX 2.9\tex\latex\geometry\geometry.sty"
Package: geometry 2010/09/12 v5.6 Page Geometry

("C:\Program Files (x86)\MiKTeX 2.9\tex\generic\oberdiek\ifvtex.sty"
Package: ifvtex 2010/03/01 v1.5 Detect VTeX and its facilities (HO)
Package ifvtex Info: VTeX not detected.
)
("C:\Program Files (x86)\MiKTeX 2.9\tex\generic\ifxetex\ifxetex.sty"
Package: ifxetex 2010/09/12 v0.6 Provides ifxetex conditional
)
\Gm@cnth=\count102
\Gm@cntv=\count103
\c@Gm@tempcnt=\count104
\Gm@bindingoffset=\dimen119
\Gm@wd@mp=\dimen120
\Gm@odd@mp=\dimen121
\Gm@even@mp=\dimen122
\Gm@layoutwidth=\dimen123
\Gm@layoutheight=\dimen124
\Gm@layouthoffset=\dimen125
\Gm@layoutvoffset=\dimen126
\Gm@dimlist=\toks15

("C:\Program Files (x86)\MiKTeX 2.9\tex\latex\geometry\geometry.cfg"))
("C:\Program Files (x86)\MiKTeX 2.9\tex\latex\base\size11.clo"
File: size11.clo 2014/09/29 v1.4h Standard LaTeX file (size option)
)
("C:\Program Files (x86)\MiKTeX 2.9\tex\latex\pgf\basiclayer\pgfcore.sty"
("C:\Program Files (x86)\MiKTeX 2.9\tex\latex\graphics\graphicx.sty"
Package: graphicx 2014/10/28 v1.0g Enhanced LaTeX Graphics (DPC,SPQR)

("C:\Program Files (x86)\MiKTeX 2.9\tex\latex\graphics\graphics.sty"
Package: graphics 2014/10/28 v1.0p Standard LaTeX Graphics (DPC,SPQR)

("C:\Program Files (x86)\MiKTeX 2.9\tex\latex\graphics\trig.sty"
Package: trig 1999/03/16 v1.09 sin cos tan (DPC)
)
("C:\Program Files (x86)\MiKTeX 2.9\tex\latex\00miktex\graphics.cfg"
File: graphics.cfg 2007/01/18 v1.5 graphics configuration of teTeX/TeXLive
)
Package graphics Info: Driver file: pdftex.def on input line 94.

("C:\Program Files (x86)\MiKTeX 2.9\tex\latex\pdftex-def\pdftex.def"
File: pdftex.def 2011/05/27 v0.06d Graphics/color for pdfTeX

("C:\Program Files (x86)\MiKTeX 2.9\tex\generic\oberdiek\infwarerr.sty"
Package: infwarerr 2010/04/08 v1.3 Providing info/warning/error messages (HO)
)
("C:\Program Files (x86)\MiKTeX 2.9\tex\generic\oberdiek\ltxcmds.sty"
Package: ltxcmds 2011/11/09 v1.22 LaTeX kernel commands for general use (HO)
)
\Gread@gobject=\count105
))
\Gin@req@height=\dimen127
\Gin@req@width=\dimen128
)
("C:\Program Files (x86)\MiKTeX 2.9\tex\latex\pgf\systemlayer\pgfsys.sty"
("C:\Program Files (x86)\MiKTeX 2.9\tex\latex\pgf\utilities\pgfrcs.sty"
("C:\Program Files (x86)\MiKTeX 2.9\tex\generic\pgf\utilities\pgfutil-common.te
x"
\pgfutil@everybye=\toks16
\pgfutil@tempdima=\dimen129
\pgfutil@tempdimb=\dimen130

("C:\Program Files (x86)\MiKTeX 2.9\tex\generic\pgf\utilities\pgfutil-common-li
sts.tex"))
("C:\Program Files (x86)\MiKTeX 2.9\tex\generic\pgf\utilities\pgfutil-latex.def
"
\pgfutil@abb=\box34
 ("C:\Program Files (x86)\MiKTeX 2.9\tex\latex\ms\everyshi.sty"
Package: everyshi 2001/05/15 v3.00 EveryShipout Package (MS)
))
("C:\Program Files (x86)\MiKTeX 2.9\tex\generic\pgf\utilities\pgfrcs.code.tex"
Package: pgfrcs 2015/08/07 v3.0.1a (rcs-revision 1.31)
))
("C:\Program Files (x86)\MiKTeX 2.9\tex\generic\pgf\systemlayer\pgfsys.code.tex
"
Package: pgfsys 2014/07/09 v3.0.1a (rcs-revision 1.48)
 ("C:\Program Files (x86)\MiKTeX 2.9\tex\generic\pgf\utilities\pgfkeys.code.tex
"
\pgfkeys@pathtoks=\toks17
\pgfkeys@temptoks=\toks18

("C:\Program Files (x86)\MiKTeX 2.9\tex\generic\pgf\utilities\pgfkeysfiltered.c
ode.tex"
\pgfkeys@tmptoks=\toks19
))
\pgf@x=\dimen131
\pgf@y=\dimen132
\pgf@xa=\dimen133
\pgf@ya=\dimen134
\pgf@xb=\dimen135
\pgf@yb=\dimen136
\pgf@xc=\dimen137
\pgf@yc=\dimen138
\w@pgf@writea=\write3
\r@pgf@reada=\read1
\c@pgf@counta=\count106
\c@pgf@countb=\count107
\c@pgf@countc=\count108
\c@pgf@countd=\count109
\t@pgf@toka=\toks20
\t@pgf@tokb=\toks21
\t@pgf@tokc=\toks22

("C:\Program Files (x86)\MiKTeX 2.9\tex\generic\pgf\systemlayer\pgf.cfg"
File: pgf.cfg 2008/05/14  (rcs-revision 1.7)
)
Driver file for pgf: pgfsys-pdftex.def

("C:\Program Files (x86)\MiKTeX 2.9\tex\generic\pgf\systemlayer\pgfsys-pdftex.d
ef"
File: pgfsys-pdftex.def 2014/10/11  (rcs-revision 1.35)

("C:\Program Files (x86)\MiKTeX 2.9\tex\generic\pgf\systemlayer\pgfsys-common-p
df.def"
File: pgfsys-common-pdf.def 2013/10/10  (rcs-revision 1.13)
)))
("C:\Program Files (x86)\MiKTeX 2.9\tex\generic\pgf\systemlayer\pgfsyssoftpath.
code.tex"
File: pgfsyssoftpath.code.tex 2013/09/09  (rcs-revision 1.9)
\pgfsyssoftpath@smallbuffer@items=\count110
\pgfsyssoftpath@bigbuffer@items=\count111
)
("C:\Program Files (x86)\MiKTeX 2.9\tex\generic\pgf\systemlayer\pgfsysprotocol.
code.tex"
File: pgfsysprotocol.code.tex 2006/10/16  (rcs-revision 1.4)
)) ("C:\Program Files (x86)\MiKTeX 2.9\tex\latex\xcolor\xcolor.sty"
Package: xcolor 2007/01/21 v2.11 LaTeX color extensions (UK)

("C:\Program Files (x86)\MiKTeX 2.9\tex\latex\00miktex\color.cfg"
File: color.cfg 2007/01/18 v1.5 color configuration of teTeX/TeXLive
)
Package xcolor Info: Driver file: pdftex.def on input line 225.
Package xcolor Info: Model `cmy' substituted by `cmy0' on input line 1337.
Package xcolor Info: Model `hsb' substituted by `rgb' on input line 1341.
Package xcolor Info: Model `RGB' extended on input line 1353.
Package xcolor Info: Model `HTML' substituted by `rgb' on input line 1355.
Package xcolor Info: Model `Hsb' substituted by `hsb' on input line 1356.
Package xcolor Info: Model `tHsb' substituted by `hsb' on input line 1357.
Package xcolor Info: Model `HSB' substituted by `hsb' on input line 1358.
Package xcolor Info: Model `Gray' substituted by `gray' on input line 1359.
Package xcolor Info: Model `wave' substituted by `hsb' on input line 1360.
)
("C:\Program Files (x86)\MiKTeX 2.9\tex\generic\pgf\basiclayer\pgfcore.code.tex
"
Package: pgfcore 2010/04/11 v3.0.1a (rcs-revision 1.7)
 ("C:\Program Files (x86)\MiKTeX 2.9\tex\generic\pgf\math\pgfmath.code.tex"
("C:\Program Files (x86)\MiKTeX 2.9\tex\generic\pgf\math\pgfmathcalc.code.tex"
("C:\Program Files (x86)\MiKTeX 2.9\tex\generic\pgf\math\pgfmathutil.code.tex")
("C:\Program Files (x86)\MiKTeX 2.9\tex\generic\pgf\math\pgfmathparser.code.tex
"
\pgfmath@dimen=\dimen139
\pgfmath@count=\count112
\pgfmath@box=\box35
\pgfmath@toks=\toks23
\pgfmath@stack@operand=\toks24
\pgfmath@stack@operation=\toks25
)
("C:\Program Files (x86)\MiKTeX 2.9\tex\generic\pgf\math\pgfmathfunctions.code.
tex"
("C:\Program Files (x86)\MiKTeX 2.9\tex\generic\pgf\math\pgfmathfunctions.basic
.code.tex")
("C:\Program Files (x86)\MiKTeX 2.9\tex\generic\pgf\math\pgfmathfunctions.trigo
nometric.code.tex")
("C:\Program Files (x86)\MiKTeX 2.9\tex\generic\pgf\math\pgfmathfunctions.rando
m.code.tex")
("C:\Program Files (x86)\MiKTeX 2.9\tex\generic\pgf\math\pgfmathfunctions.compa
rison.code.tex")
("C:\Program Files (x86)\MiKTeX 2.9\tex\generic\pgf\math\pgfmathfunctions.base.
code.tex")
("C:\Program Files (x86)\MiKTeX 2.9\tex\generic\pgf\math\pgfmathfunctions.round
.code.tex")
("C:\Program Files (x86)\MiKTeX 2.9\tex\generic\pgf\math\pgfmathfunctions.misc.
code.tex")
("C:\Program Files (x86)\MiKTeX 2.9\tex\generic\pgf\math\pgfmathfunctions.integ
erarithmetics.code.tex")))
("C:\Program Files (x86)\MiKTeX 2.9\tex\generic\pgf\math\pgfmathfloat.code.tex"
\c@pgfmathroundto@lastzeros=\count113
))
("C:\Program Files (x86)\MiKTeX 2.9\tex\generic\pgf\basiclayer\pgfcorepoints.co
de.tex"
File: pgfcorepoints.code.tex 2013/10/07  (rcs-revision 1.27)
\pgf@picminx=\dimen140
\pgf@picmaxx=\dimen141
\pgf@picminy=\dimen142
\pgf@picmaxy=\dimen143
\pgf@pathminx=\dimen144
\pgf@pathmaxx=\dimen145
\pgf@pathminy=\dimen146
\pgf@pathmaxy=\dimen147
\pgf@xx=\dimen148
\pgf@xy=\dimen149
\pgf@yx=\dimen150
\pgf@yy=\dimen151
\pgf@zx=\dimen152
\pgf@zy=\dimen153
)
("C:\Program Files (x86)\MiKTeX 2.9\tex\generic\pgf\basiclayer\pgfcorepathconst
ruct.code.tex"
File: pgfcorepathconstruct.code.tex 2013/10/07  (rcs-revision 1.29)
\pgf@path@lastx=\dimen154
\pgf@path@lasty=\dimen155
)
("C:\Program Files (x86)\MiKTeX 2.9\tex\generic\pgf\basiclayer\pgfcorepathusage
.code.tex"
File: pgfcorepathusage.code.tex 2014/11/02  (rcs-revision 1.24)
\pgf@shorten@end@additional=\dimen156
\pgf@shorten@start@additional=\dimen157
)
("C:\Program Files (x86)\MiKTeX 2.9\tex\generic\pgf\basiclayer\pgfcorescopes.co
de.tex"
File: pgfcorescopes.code.tex 2015/05/08  (rcs-revision 1.46)
\pgfpic=\box36
\pgf@hbox=\box37
\pgf@layerbox@main=\box38
\pgf@picture@serial@count=\count114
)
("C:\Program Files (x86)\MiKTeX 2.9\tex\generic\pgf\basiclayer\pgfcoregraphicst
ate.code.tex"
File: pgfcoregraphicstate.code.tex 2014/11/02  (rcs-revision 1.12)
\pgflinewidth=\dimen158
)
("C:\Program Files (x86)\MiKTeX 2.9\tex\generic\pgf\basiclayer\pgfcoretransform
ations.code.tex"
File: pgfcoretransformations.code.tex 2015/08/07  (rcs-revision 1.20)
\pgf@pt@x=\dimen159
\pgf@pt@y=\dimen160
\pgf@pt@temp=\dimen161
)
("C:\Program Files (x86)\MiKTeX 2.9\tex\generic\pgf\basiclayer\pgfcorequick.cod
e.tex"
File: pgfcorequick.code.tex 2008/10/09  (rcs-revision 1.3)
)
("C:\Program Files (x86)\MiKTeX 2.9\tex\generic\pgf\basiclayer\pgfcoreobjects.c
ode.tex"
File: pgfcoreobjects.code.tex 2006/10/11  (rcs-revision 1.2)
)
("C:\Program Files (x86)\MiKTeX 2.9\tex\generic\pgf\basiclayer\pgfcorepathproce
ssing.code.tex"
File: pgfcorepathprocessing.code.tex 2013/09/09  (rcs-revision 1.9)
)
("C:\Program Files (x86)\MiKTeX 2.9\tex\generic\pgf\basiclayer\pgfcorearrows.co
de.tex"
File: pgfcorearrows.code.tex 2015/05/14  (rcs-revision 1.43)
\pgfarrowsep=\dimen162
)
("C:\Program Files (x86)\MiKTeX 2.9\tex\generic\pgf\basiclayer\pgfcoreshade.cod
e.tex"
File: pgfcoreshade.code.tex 2013/07/15  (rcs-revision 1.15)
\pgf@max=\dimen163
\pgf@sys@shading@range@num=\count115
)
("C:\Program Files (x86)\MiKTeX 2.9\tex\generic\pgf\basiclayer\pgfcoreimage.cod
e.tex"
File: pgfcoreimage.code.tex 2013/07/15  (rcs-revision 1.18)

("C:\Program Files (x86)\MiKTeX 2.9\tex\generic\pgf\basiclayer\pgfcoreexternal.
code.tex"
File: pgfcoreexternal.code.tex 2014/07/09  (rcs-revision 1.21)
\pgfexternal@startupbox=\box39
))
("C:\Program Files (x86)\MiKTeX 2.9\tex\generic\pgf\basiclayer\pgfcorelayers.co
de.tex"
File: pgfcorelayers.code.tex 2013/07/18  (rcs-revision 1.7)
)
("C:\Program Files (x86)\MiKTeX 2.9\tex\generic\pgf\basiclayer\pgfcoretranspare
ncy.code.tex"
File: pgfcoretransparency.code.tex 2013/09/30  (rcs-revision 1.5)
)
("C:\Program Files (x86)\MiKTeX 2.9\tex\generic\pgf\basiclayer\pgfcorepatterns.
code.tex"
File: pgfcorepatterns.code.tex 2013/11/07  (rcs-revision 1.5)
)))
("C:\Program Files (x86)\MiKTeX 2.9\tex\latex\pgf\utilities\xxcolor.sty"
Package: xxcolor 2003/10/24 ver 0.1
\XC@nummixins=\count116
\XC@countmixins=\count117
)
("C:\Program Files (x86)\MiKTeX 2.9\tex\generic\oberdiek\atbegshi.sty"
Package: atbegshi 2011/10/05 v1.16 At begin shipout hook (HO)
)
("C:\Program Files (x86)\MiKTeX 2.9\tex\latex\hyperref\hyperref.sty"
Package: hyperref 2012/11/06 v6.83m Hypertext links for LaTeX

("C:\Program Files (x86)\MiKTeX 2.9\tex\generic\oberdiek\hobsub-hyperref.sty"
Package: hobsub-hyperref 2012/04/25 v1.12 Bundle oberdiek, subset hyperref (HO)


("C:\Program Files (x86)\MiKTeX 2.9\tex\generic\oberdiek\hobsub-generic.sty"
Package: hobsub-generic 2012/04/25 v1.12 Bundle oberdiek, subset generic (HO)
Package: hobsub 2012/04/25 v1.12 Construct package bundles (HO)
Package hobsub Info: Skipping package `infwarerr' (already loaded).
Package hobsub Info: Skipping package `ltxcmds' (already loaded).
Package: ifluatex 2010/03/01 v1.3 Provides the ifluatex switch (HO)
Package ifluatex Info: LuaTeX not detected.
Package hobsub Info: Skipping package `ifvtex' (already loaded).
Package: intcalc 2007/09/27 v1.1 Expandable calculations with integers (HO)
Package hobsub Info: Skipping package `ifpdf' (already loaded).
Package: etexcmds 2011/02/16 v1.5 Avoid name clashes with e-TeX commands (HO)
Package etexcmds Info: Could not find \expanded.
(etexcmds)             That can mean that you are not using pdfTeX 1.50 or
(etexcmds)             that some package has redefined \expanded.
(etexcmds)             In the latter case, load this package earlier.
Package: kvsetkeys 2012/04/25 v1.16 Key value parser (HO)
Package: kvdefinekeys 2011/04/07 v1.3 Define keys (HO)
Package: pdftexcmds 2011/11/29 v0.20 Utility functions of pdfTeX for LuaTeX (HO
)
Package pdftexcmds Info: LuaTeX not detected.
Package pdftexcmds Info: \pdf@primitive is available.
Package pdftexcmds Info: \pdf@ifprimitive is available.
Package pdftexcmds Info: \pdfdraftmode found.
Package: pdfescape 2011/11/25 v1.13 Implements pdfTeX's escape features (HO)
Package: bigintcalc 2012/04/08 v1.3 Expandable calculations on big integers (HO
)
Package: bitset 2011/01/30 v1.1 Handle bit-vector datatype (HO)
Package: uniquecounter 2011/01/30 v1.2 Provide unlimited unique counter (HO)
)
Package hobsub Info: Skipping package `hobsub' (already loaded).
Package: letltxmacro 2010/09/02 v1.4 Let assignment for LaTeX macros (HO)
Package: hopatch 2011/06/24 v1.1 Wrapper for package hooks (HO)
Package: xcolor-patch 2011/01/30 xcolor patch
Package: atveryend 2011/06/30 v1.8 Hooks at the very end of document (HO)
Package atveryend Info: \enddocument detected (standard20110627).
Package hobsub Info: Skipping package `atbegshi' (already loaded).
Package: refcount 2011/10/16 v3.4 Data extraction from label references (HO)
Package: hycolor 2011/01/30 v1.7 Color options for hyperref/bookmark (HO)
)
("C:\Program Files (x86)\MiKTeX 2.9\tex\latex\oberdiek\auxhook.sty"
Package: auxhook 2011/03/04 v1.3 Hooks for auxiliary files (HO)
)
("C:\Program Files (x86)\MiKTeX 2.9\tex\latex\oberdiek\kvoptions.sty"
Package: kvoptions 2011/06/30 v3.11 Key value format for package options (HO)
)
\@linkdim=\dimen164
\Hy@linkcounter=\count118
\Hy@pagecounter=\count119

("C:\Program Files (x86)\MiKTeX 2.9\tex\latex\hyperref\pd1enc.def"
File: pd1enc.def 2012/11/06 v6.83m Hyperref: PDFDocEncoding definition (HO)
)
\Hy@SavedSpaceFactor=\count120

("C:\Program Files (x86)\MiKTeX 2.9\tex\latex\00miktex\hyperref.cfg"
File: hyperref.cfg 2002/06/06 v1.2 hyperref configuration of TeXLive
)
Package hyperref Info: Option `bookmarks' set `true' on input line 4319.
Package hyperref Info: Option `bookmarksopen' set `true' on input line 4319.
Package hyperref Info: Option `implicit' set `false' on input line 4319.
Package hyperref Info: Hyper figures OFF on input line 4443.
Package hyperref Info: Link nesting OFF on input line 4448.
Package hyperref Info: Hyper index ON on input line 4451.
Package hyperref Info: Plain pages OFF on input line 4458.
Package hyperref Info: Backreferencing OFF on input line 4463.
Package hyperref Info: Implicit mode OFF; no redefinition of LaTeX internals.
Package hyperref Info: Bookmarks ON on input line 4688.
\c@Hy@tempcnt=\count121

("C:\Program Files (x86)\MiKTeX 2.9\tex\latex\url\url.sty"
\Urlmuskip=\muskip10
Package: url 2013/09/16  ver 3.4  Verb mode for urls, etc.
)
LaTeX Info: Redefining \url on input line 5041.
\XeTeXLinkMargin=\dimen165
\Fld@menulength=\count122
\Field@Width=\dimen166
\Fld@charsize=\dimen167
Package hyperref Info: Hyper figures OFF on input line 6295.
Package hyperref Info: Link nesting OFF on input line 6300.
Package hyperref Info: Hyper index ON on input line 6303.
Package hyperref Info: backreferencing OFF on input line 6310.
Package hyperref Info: Link coloring OFF on input line 6315.
Package hyperref Info: Link coloring with OCG OFF on input line 6320.
Package hyperref Info: PDF/A mode OFF on input line 6325.
LaTeX Info: Redefining \ref on input line 6365.
LaTeX Info: Redefining \pageref on input line 6369.
\Hy@abspage=\count123


Package hyperref Message: Stopped early.

)

Package hyperref Message: Driver (autodetected): hpdftex.

("C:\Program Files (x86)\MiKTeX 2.9\tex\latex\hyperref\hpdftex.def"
File: hpdftex.def 2012/11/06 v6.83m Hyperref driver for pdfTeX
\Fld@listcount=\count124
\c@bookmark@seq@number=\count125

("C:\Program Files (x86)\MiKTeX 2.9\tex\latex\oberdiek\rerunfilecheck.sty"
Package: rerunfilecheck 2011/04/15 v1.7 Rerun checks for auxiliary files (HO)
Package uniquecounter Info: New unique counter `rerunfilecheck' on input line 2
82.
))
("C:\Program Files (x86)\MiKTeX 2.9\tex\latex\beamer\base\beamerbaserequires.st
y"
Package: beamerbaserequires 2010/05/01  (rcs-revision efa082c6111d)

("C:\Program Files (x86)\MiKTeX 2.9\tex\latex\beamer\base\beamerbasecompatibili
ty.sty"
Package: beamerbasecompatibility 2012/05/01  (rcs-revision 67c48b3b652d)
)
("C:\Program Files (x86)\MiKTeX 2.9\tex\latex\beamer\base\beamerbasefont.sty"
Package: beamerbasefont 2015/01/05  (rcs-revision b4b4bee242e2)

("C:\Program Files (x86)\MiKTeX 2.9\tex\latex\amsfonts\amssymb.sty"
Package: amssymb 2013/01/14 v3.01 AMS font symbols

("C:\Program Files (x86)\MiKTeX 2.9\tex\latex\amsfonts\amsfonts.sty"
Package: amsfonts 2013/01/14 v3.01 Basic AMSFonts support
\@emptytoks=\toks26
\symAMSa=\mathgroup4
\symAMSb=\mathgroup5
LaTeX Font Info:    Overwriting math alphabet `\mathfrak' in version `bold'
(Font)                  U/euf/m/n --> U/euf/b/n on input line 106.
))
("C:\Program Files (x86)\MiKTeX 2.9\tex\latex\sansmathaccent\sansmathaccent.sty
"
Package: sansmathaccent 2013/03/28
 ("C:\Program Files (x86)\MiKTeX 2.9\tex\latex\filehook\filehook.sty"
Package: filehook 2011/10/12 v0.5d Hooks for input files
)))
("C:\Program Files (x86)\MiKTeX 2.9\tex\latex\beamer\base\beamerbasetranslator.
sty"
Package: beamerbasetranslator 2010/06/11  (rcs-revision 85fd1cc7fc42)

("C:\Program Files (x86)\MiKTeX 2.9\tex\latex\beamer\base\translator\translator
.sty"
Package: translator 2010/06/12 ver 1.10

("C:\Program Files (x86)\MiKTeX 2.9\tex\latex\beamer\base\translator\translator
-language-mappings.tex")))
("C:\Program Files (x86)\MiKTeX 2.9\tex\latex\beamer\base\beamerbasemisc.sty"
Package: beamerbasemisc 2013/09/03  (rcs-revision a55719c41d85)
)
("C:\Program Files (x86)\MiKTeX 2.9\tex\latex\beamer\base\beamerbasetwoscreens.
sty"
Package: beamerbasetwoscreens 2010/05/01  (rcs-revision efa082c6111d)
)
("C:\Program Files (x86)\MiKTeX 2.9\tex\latex\beamer\base\beamerbaseoverlay.sty
"
Package: beamerbaseoverlay 2013/12/25  (rcs-revision f6bd5e3805da)
\beamer@argscount=\count126
\beamer@lastskipcover=\skip44
\beamer@trivlistdepth=\count127
) ("C:\Program Files (x86)\MiKTeX 2.9\tex\latex\beamer\base\beamerbasetitle.sty
"
Package: beamerbasetitle 2010/09/21  (rcs-revision f0446ed0b6ae)
)
("C:\Program Files (x86)\MiKTeX 2.9\tex\latex\beamer\base\beamerbasesection.sty
"
Package: beamerbasesection 2013/06/07  (rcs-revision 60b9fe0f342f)
\c@lecture=\count128
\c@part=\count129
\c@section=\count130
\c@subsection=\count131
\c@subsubsection=\count132
) ("C:\Program Files (x86)\MiKTeX 2.9\tex\latex\beamer\base\beamerbaseframe.sty
"
Package: beamerbaseframe 2014/02/20  (rcs-revision 4b8ceeeff434)
\beamer@framebox=\box40
\beamer@frametitlebox=\box41
\beamer@zoombox=\box42
\beamer@zoomcount=\count133
\beamer@zoomframecount=\count134
\beamer@frametextheight=\dimen168
\c@subsectionslide=\count135
\beamer@frametopskip=\skip45
\beamer@framebottomskip=\skip46
\beamer@frametopskipautobreak=\skip47
\beamer@framebottomskipautobreak=\skip48
\beamer@envbody=\toks27
\framewidth=\dimen169
\c@framenumber=\count136
)
("C:\Program Files (x86)\MiKTeX 2.9\tex\latex\beamer\base\beamerbaseverbatim.st
y"
Package: beamerbaseverbatim 2015/01/05  (rcs-revision 431510bb5890)
\beamer@verbatimfileout=\write4
)
("C:\Program Files (x86)\MiKTeX 2.9\tex\latex\beamer\base\beamerbaseframesize.s
ty"
Package: beamerbaseframesize 2011/09/12  (rcs-revision 70f9d8411e54)
\beamer@splitbox=\box43
\beamer@autobreakcount=\count137
\beamer@autobreaklastheight=\dimen170
\beamer@frametitletoks=\toks28
\beamer@framesubtitletoks=\toks29
)
("C:\Program Files (x86)\MiKTeX 2.9\tex\latex\beamer\base\beamerbaseframecompon
ents.sty"
Package: beamerbaseframecomponents 2013/10/18  (rcs-revision 5cf6c5555a45)
\beamer@footins=\box44
)
("C:\Program Files (x86)\MiKTeX 2.9\tex\latex\beamer\base\beamerbasecolor.sty"
Package: beamerbasecolor 2015/02/21  (rcs-revision d944b04ee2d5)
) ("C:\Program Files (x86)\MiKTeX 2.9\tex\latex\beamer\base\beamerbasenotes.sty
"
Package: beamerbasenotes 2012/12/19  (rcs-revision 1686da3db3c9)
\beamer@frameboxcopy=\box45
) ("C:\Program Files (x86)\MiKTeX 2.9\tex\latex\beamer\base\beamerbasetoc.sty"
Package: beamerbasetoc 2015/03/08  (rcs-revision 7270298bbaae)
)
("C:\Program Files (x86)\MiKTeX 2.9\tex\latex\beamer\base\beamerbasetemplates.s
ty"
Package: beamerbasetemplates 2010/05/01  (rcs-revision efa082c6111d)
\beamer@sbttoks=\toks30

("C:\Program Files (x86)\MiKTeX 2.9\tex\latex\beamer\base\beamerbaseauxtemplate
s.sty"
Package: beamerbaseauxtemplates 2014/06/30  (rcs-revision 580088513a67)

("C:\Program Files (x86)\MiKTeX 2.9\tex\latex\beamer\base\beamerbaseboxes.sty"
Package: beamerbaseboxes 2012/05/13  (rcs-revision 56972908a390)
\bmb@box=\box46
\bmb@colorbox=\box47
\bmb@boxshadow=\box48
\bmb@boxshadowball=\box49
\bmb@boxshadowballlarge=\box50
\bmb@temp=\dimen171
\bmb@dima=\dimen172
\bmb@dimb=\dimen173
\bmb@prevheight=\dimen174
)
\beamer@blockheadheight=\dimen175
))
("C:\Program Files (x86)\MiKTeX 2.9\tex\latex\beamer\base\beamerbaselocalstruct
ure.sty"
Package: beamerbaselocalstructure 2014/09/10  (rcs-revision 393f6dcff371)
 ("C:\Program Files (x86)\MiKTeX 2.9\tex\latex\tools\enumerate.sty"
Package: enumerate 2014/10/28 v3.00 enumerate extensions (DPC)
\@enLab=\toks31
)
\c@figure=\count138
\c@table=\count139
\abovecaptionskip=\skip49
\belowcaptionskip=\skip50
)
("C:\Program Files (x86)\MiKTeX 2.9\tex\latex\beamer\base\beamerbasenavigation.
sty"
Package: beamerbasenavigation 2015/02/27  (rcs-revision 923f4bf87efa)
\beamer@section@min@dim=\dimen176
)
("C:\Program Files (x86)\MiKTeX 2.9\tex\latex\beamer\base\beamerbasetheorems.st
y"
Package: beamerbasetheorems 2010/06/06  (rcs-revision 7e7cc5e53e9d)
 ("C:\Program Files (x86)\MiKTeX 2.9\tex\latex\amsmath\amsmath.sty"
Package: amsmath 2013/01/14 v2.14 AMS math features
\@mathmargin=\skip51

For additional information on amsmath, use the `?' option.
("C:\Program Files (x86)\MiKTeX 2.9\tex\latex\amsmath\amstext.sty"
Package: amstext 2000/06/29 v2.01

("C:\Program Files (x86)\MiKTeX 2.9\tex\latex\amsmath\amsgen.sty"
File: amsgen.sty 1999/11/30 v2.0
\@emptytoks=\toks32
\ex@=\dimen177
))
("C:\Program Files (x86)\MiKTeX 2.9\tex\latex\amsmath\amsbsy.sty"
Package: amsbsy 1999/11/29 v1.2d
\pmbraise@=\dimen178
)
("C:\Program Files (x86)\MiKTeX 2.9\tex\latex\amsmath\amsopn.sty"
Package: amsopn 1999/12/14 v2.01 operator names
)
\inf@bad=\count140
LaTeX Info: Redefining \frac on input line 210.
\uproot@=\count141
\leftroot@=\count142
LaTeX Info: Redefining \overline on input line 306.
\classnum@=\count143
\DOTSCASE@=\count144
LaTeX Info: Redefining \ldots on input line 378.
LaTeX Info: Redefining \dots on input line 381.
LaTeX Info: Redefining \cdots on input line 466.
\Mathstrutbox@=\box51
\strutbox@=\box52
\big@size=\dimen179
LaTeX Font Info:    Redeclaring font encoding OML on input line 566.
LaTeX Font Info:    Redeclaring font encoding OMS on input line 567.
\macc@depth=\count145
\c@MaxMatrixCols=\count146
\dotsspace@=\muskip11
\c@parentequation=\count147
\dspbrk@lvl=\count148
\tag@help=\toks33
\row@=\count149
\column@=\count150
\maxfields@=\count151
\andhelp@=\toks34
\eqnshift@=\dimen180
\alignsep@=\dimen181
\tagshift@=\dimen182
\tagwidth@=\dimen183
\totwidth@=\dimen184
\lineht@=\dimen185
\@envbody=\toks35
\multlinegap=\skip52
\multlinetaggap=\skip53
\mathdisplay@stack=\toks36
LaTeX Info: Redefining \[ on input line 2665.
LaTeX Info: Redefining \] on input line 2666.
)
("C:\Program Files (x86)\MiKTeX 2.9\tex\latex\amscls\amsthm.sty"
Package: amsthm 2015/03/04 v2.20.2
\thm@style=\toks37
\thm@bodyfont=\toks38
\thm@headfont=\toks39
\thm@notefont=\toks40
\thm@headpunct=\toks41
\thm@preskip=\skip54
\thm@postskip=\skip55
\thm@headsep=\skip56
\dth@everypar=\toks42
)
\c@theorem=\count152
)
("C:\Program Files (x86)\MiKTeX 2.9\tex\latex\beamer\base\beamerbasethemes.sty"
Package: beamerbasethemes 2010/05/01  (rcs-revision efa082c6111d)
))
("C:\Program Files (x86)\MiKTeX 2.9\tex\latex\beamer\base\themes\theme\beamerth
emedefault.sty"
Package: beamerthemedefault 2010/06/17  (rcs-revision d02a7cf4d8ae)

("C:\Program Files (x86)\MiKTeX 2.9\tex\latex\beamer\base\themes\font\beamerfon
tthemedefault.sty"
Package: beamerfontthemedefault 2012/12/19  (rcs-revision 1686da3db3c9)
)
("C:\Program Files (x86)\MiKTeX 2.9\tex\latex\beamer\base\themes\color\beamerco
lorthemedefault.sty"
Package: beamercolorthemedefault 2012/12/19  (rcs-revision 1686da3db3c9)
)
("C:\Program Files (x86)\MiKTeX 2.9\tex\latex\beamer\base\themes\inner\beamerin
nerthemedefault.sty"
Package: beamerinnerthemedefault 2014/06/30  (rcs-revision 580088513a67)
\beamer@dima=\dimen186
\beamer@dimb=\dimen187
)
("C:\Program Files (x86)\MiKTeX 2.9\tex\latex\beamer\base\themes\outer\beamerou
terthemedefault.sty"
Package: beamerouterthemedefault 2012/12/19  (rcs-revision 1686da3db3c9)
)))
("C:\Program Files (x86)\MiKTeX 2.9\tex\latex\pgf\utilities\pgfpages.sty"
Package: pgfpages 2011/01/05 ver 0.02

("C:\Program Files (x86)\MiKTeX 2.9\tex\latex\tools\calc.sty"
Package: calc 2014/10/28 v4.3 Infix arithmetic (KKT,FJ)
\calc@Acount=\count153
\calc@Bcount=\count154
\calc@Adimen=\dimen188
\calc@Bdimen=\dimen189
\calc@Askip=\skip57
\calc@Bskip=\skip58
LaTeX Info: Redefining \setlength on input line 80.
LaTeX Info: Redefining \addtolength on input line 81.
\calc@Ccount=\count155
\calc@Cskip=\skip59
)
\pgf@logicalpages=\count156
\pgf@firstshipout=\count157
\pgf@lastshipout=\count158
\pgf@currentshipout=\count159
\pgf@cpn=\count160
\pgf@shipoutnextto=\count161
\pgfphysicalheight=\dimen190
\pgfphysicalwidth=\dimen191
\pgfpages@shipoutbox=\box53
)
\pgfpages@box@1=\box54
\pgfpages@box@2=\box55

(main.beamer.snm) (main.tex
("C:\Program Files (x86)\MiKTeX 2.9\tex\latex\beamer\base\themes\theme\beamerth
emeFrankfurt.sty"
Package: beamerthemeFrankfurt 2010/06/17  (rcs-revision d02a7cf4d8ae)

("C:\Program Files (x86)\MiKTeX 2.9\tex\latex\beamer\base\themes\outer\beamerou
terthemesmoothbars.sty"
Package: beamerouterthemesmoothbars 2010/06/17  (rcs-revision d02a7cf4d8ae)
)
("C:\Program Files (x86)\MiKTeX 2.9\tex\latex\beamer\base\themes\inner\beamerin
nerthemerounded.sty"
Package: beamerinnerthemerounded 2010/06/17  (rcs-revision d02a7cf4d8ae)
)
("C:\Program Files (x86)\MiKTeX 2.9\tex\latex\beamer\base\themes\color\beamerco
lorthemeorchid.sty"
Package: beamercolorthemeorchid 2010/06/17  (rcs-revision d02a7cf4d8ae)
)
("C:\Program Files (x86)\MiKTeX 2.9\tex\latex\beamer\base\themes\color\beamerco
lorthemewhale.sty"
Package: beamercolorthemewhale 2010/06/17  (rcs-revision d02a7cf4d8ae)
))
("C:\Program Files (x86)\MiKTeX 2.9\tex\latex\beamer\base\themes\font\beamerfon
tthemeserif.sty"
Package: beamerfontthemeserif 2010/06/17  (rcs-revision d02a7cf4d8ae)
)

Package hyperref Warning: Token not allowed in a PDF string (PDFDocEncoding):
(hyperref)                removing `\\' on input line 41.

(main.article.SplitPageWithNotes.aux)
LaTeX Font Info:    Checking defaults for OML/cmm/m/it on input line 45.
LaTeX Font Info:    ... okay on input line 45.
LaTeX Font Info:    Checking defaults for T1/cmr/m/n on input line 45.
LaTeX Font Info:    ... okay on input line 45.
LaTeX Font Info:    Checking defaults for OT1/cmr/m/n on input line 45.
LaTeX Font Info:    ... okay on input line 45.
LaTeX Font Info:    Checking defaults for OMS/cmsy/m/n on input line 45.
LaTeX Font Info:    ... okay on input line 45.
LaTeX Font Info:    Checking defaults for OMX/cmex/m/n on input line 45.
LaTeX Font Info:    ... okay on input line 45.
LaTeX Font Info:    Checking defaults for U/cmr/m/n on input line 45.
LaTeX Font Info:    ... okay on input line 45.
LaTeX Font Info:    Checking defaults for PD1/pdf/m/n on input line 45.
LaTeX Font Info:    ... okay on input line 45.

*geometry* driver: auto-detecting
*geometry* detected driver: pdftex
*geometry* verbose mode - [ preamble ] result:
* driver: pdftex
* paper: custom
* layout: <same size as paper>
* layoutoffset:(h,v)=(0.0pt,0.0pt)
* modes: includehead includefoot 
* h-part:(L,W,R)=(28.45274pt, 307.28987pt, 28.45274pt)
* v-part:(T,H,B)=(0.0pt, 273.14662pt, 0.0pt)
* \paperwidth=364.19536pt
* \paperheight=273.14662pt
* \textwidth=307.28987pt
* \textheight=244.6939pt
* \oddsidemargin=-43.81725pt
* \evensidemargin=-43.81725pt
* \topmargin=-72.26999pt
* \headheight=14.22636pt
* \headsep=0.0pt
* \topskip=11.0pt
* \footskip=14.22636pt
* \marginparwidth=4.0pt
* \marginparsep=10.0pt
* \columnsep=10.0pt
* \skip\footins=10.0pt plus 4.0pt minus 2.0pt
* \hoffset=0.0pt
* \voffset=0.0pt
* \mag=1000
* \@twocolumnfalse
* \@twosidefalse
* \@mparswitchfalse
* \@reversemarginfalse
* (1in=72.27pt=25.4mm, 1cm=28.453pt)

("C:\Program Files (x86)\MiKTeX 2.9\tex\context\base\supp-pdf.mkii"
[Loading MPS to PDF converter (version 2006.09.02).]
\scratchcounter=\count162
\scratchdimen=\dimen192
\scratchbox=\box56
\nofMPsegments=\count163
\nofMParguments=\count164
\everyMPshowfont=\toks43
\MPscratchCnt=\count165
\MPscratchDim=\dimen193
\MPnumerator=\count166
\makeMPintoPDFobject=\count167
\everyMPtoPDFconversion=\toks44
) ABD: EveryShipout initializing macros
\AtBeginShipoutBox=\box57
Package hyperref Info: Link coloring OFF on input line 45.

("C:\Program Files (x86)\MiKTeX 2.9\tex\latex\hyperref\nameref.sty"
Package: nameref 2012/10/27 v2.43 Cross-referencing by name of section

("C:\Program Files (x86)\MiKTeX 2.9\tex\generic\oberdiek\gettitlestring.sty"
Package: gettitlestring 2010/12/03 v1.4 Cleanup title references (HO)
)
\c@section@level=\count168
)
LaTeX Info: Redefining \ref on input line 45.
LaTeX Info: Redefining \pageref on input line 45.
LaTeX Info: Redefining \nameref on input line 45.

(main.article.SplitPageWithNotes.out) (main.article.SplitPageWithNotes.out)
\@outlinefile=\write5

("C:\Program Files (x86)\MiKTeX 2.9\tex\latex\beamer\base\translator\dicts\tran
slator-basic-dictionary\translator-basic-dictionary-English.dict"
Dictionary: translator-basic-dictionary, Language: English 
)
("C:\Program Files (x86)\MiKTeX 2.9\tex\latex\beamer\base\translator\dicts\tran
slator-bibliography-dictionary\translator-bibliography-dictionary-English.dict"
Dictionary: translator-bibliography-dictionary, Language: English 
)
("C:\Program Files (x86)\MiKTeX 2.9\tex\latex\beamer\base\translator\dicts\tran
slator-environment-dictionary\translator-environment-dictionary-English.dict"
Dictionary: translator-environment-dictionary, Language: English 
)
("C:\Program Files (x86)\MiKTeX 2.9\tex\latex\beamer\base\translator\dicts\tran
slator-months-dictionary\translator-months-dictionary-English.dict"
Dictionary: translator-months-dictionary, Language: English 
)
("C:\Program Files (x86)\MiKTeX 2.9\tex\latex\beamer\base\translator\dicts\tran
slator-numbers-dictionary\translator-numbers-dictionary-English.dict"
Dictionary: translator-numbers-dictionary, Language: English 
)
("C:\Program Files (x86)\MiKTeX 2.9\tex\latex\beamer\base\translator\dicts\tran
slator-theorem-dictionary\translator-theorem-dictionary-English.dict"
Dictionary: translator-theorem-dictionary, Language: English 
)
LaTeX Info: Redefining \includegraphics on input line 45.

(main.article.SplitPageWithNotes.nav)

LaTeX Font Warning: Font shape `OT1/cmss/m/n' in size <4> not available
(Font)              size <5> substituted on input line 49.

(main.article.SplitPageWithNotes.toc) [2{C:/Users/Jared/AppData/Local/MiKTeX/2.
9/pdftex/config/pdftex.map}

pdfTeX warning (ext4): destination with the same identifier (name{Navigation1})
 has been already used, duplicate ignored

\pgfpages@shipoutshipoutbox ...physicalpagesizes }
                                                  \endgroup 
l.52 \end{frame}
                pdfTeX warning (ext4): destination with the same identifier (na
me{page.1}) has been already used, duplicate ignored

\pgfpages@shipoutshipoutbox ...physicalpagesizes }
                                                  \endgroup 
l.52 \end{frame}
                

]
LaTeX Font Info:    Try loading font information for U+msa on input line 64.
 ("C:\Program Files (x86)\MiKTeX 2.9\tex\latex\amsfonts\umsa.fd"
File: umsa.fd 2013/01/14 v3.01 AMS symbols A
)
LaTeX Font Info:    Try loading font information for U+msb on input line 64.
 ("C:\Program Files (x86)\MiKTeX 2.9\tex\latex\amsfonts\umsb.fd"
File: umsb.fd 2013/01/14 v3.01 AMS symbols B
) [3

pdfTeX warning (ext4): destination with the same identifier (name{Navigation2})
 has been already used, duplicate ignored

\pgfpages@shipoutshipoutbox ...physicalpagesizes }
                                                  \endgroup 
l.64 \end{frame}
                pdfTeX warning (ext4): destination with the same identifier (na
me{page.2}) has been already used, duplicate ignored

\pgfpages@shipoutshipoutbox ...physicalpagesizes }
                                                  \endgroup 
l.64 \end{frame}
                

] [4

pdfTeX warning (ext4): destination with the same identifier (name{Navigation3})
 has been already used, duplicate ignored

\pgfpages@shipoutshipoutbox ...physicalpagesizes }
                                                  \endgroup 
l.75 \end{frame}
                pdfTeX warning (ext4): destination with the same identifier (na
me{page.3}) has been already used, duplicate ignored

\pgfpages@shipoutshipoutbox ...physicalpagesizes }
                                                  \endgroup 
l.75 \end{frame}
                

] [5

pdfTeX warning (ext4): destination with the same identifier (name{Navigation4})
 has been already used, duplicate ignored

\pgfpages@shipoutshipoutbox ...physicalpagesizes }
                                                  \endgroup 
l.84 \end{frame}
                pdfTeX warning (ext4): destination with the same identifier (na
me{page.4}) has been already used, duplicate ignored

\pgfpages@shipoutshipoutbox ...physicalpagesizes }
                                                  \endgroup 
l.84 \end{frame}
                

] [6

pdfTeX warning (ext4): destination with the same identifier (name{Navigation5})
 has been already used, duplicate ignored

\pgfpages@shipoutshipoutbox ...physicalpagesizes }
                                                  \endgroup 
l.90 \end{frame}
                pdfTeX warning (ext4): destination with the same identifier (na
me{page.5}) has been already used, duplicate ignored

\pgfpages@shipoutshipoutbox ...physicalpagesizes }
                                                  \endgroup 
l.90 \end{frame}
                

] [7

pdfTeX warning (ext4): destination with the same identifier (name{Navigation6})
 has been already used, duplicate ignored

\pgfpages@shipoutshipoutbox ...physicalpagesizes }
                                                  \endgroup 
l.100 \end{frame}
                 pdfTeX warning (ext4): destination with the same identifier (n
ame{page.6}) has been already used, duplicate ignored

\pgfpages@shipoutshipoutbox ...physicalpagesizes }
                                                  \endgroup 
l.100 \end{frame}
                 

] [8

pdfTeX warning (ext4): destination with the same identifier (name{Navigation7})
 has been already used, duplicate ignored

\pgfpages@shipoutshipoutbox ...physicalpagesizes }
                                                  \endgroup 
l.111 \end{frame}
                 pdfTeX warning (ext4): destination with the same identifier (n
ame{page.7}) has been already used, duplicate ignored

\pgfpages@shipoutshipoutbox ...physicalpagesizes }
                                                  \endgroup 
l.111 \end{frame}
                 

]
Overfull \vbox (143.23741pt too high) detected at line 126
 []

[9

pdfTeX warning (ext4): destination with the same identifier (name{Navigation8})
 has been already used, duplicate ignored

\pgfpages@shipoutshipoutbox ...physicalpagesizes }
                                                  \endgroup 
l.126 \end{frame}
                 pdfTeX warning (ext4): destination with the same identifier (n
ame{page.8}) has been already used, duplicate ignored

\pgfpages@shipoutshipoutbox ...physicalpagesizes }
                                                  \endgroup 
l.126 \end{frame}
                 

] [10

pdfTeX warning (ext4): destination with the same identifier (name{Navigation9})
 has been already used, duplicate ignored

\pgfpages@shipoutshipoutbox ...physicalpagesizes }
                                                  \endgroup 
l.141 \end{frame}
                 pdfTeX warning (ext4): destination with the same identifier (n
ame{page.9}) has been already used, duplicate ignored

\pgfpages@shipoutshipoutbox ...physicalpagesizes }
                                                  \endgroup 
l.141 \end{frame}
                 

] [11

pdfTeX warning (ext4): destination with the same identifier (name{Navigation10}
) has been already used, duplicate ignored

\pgfpages@shipoutshipoutbox ...physicalpagesizes }
                                                  \endgroup 
l.153 \end{frame}
                 pdfTeX warning (ext4): destination with the same identifier (n
ame{page.10}) has been already used, duplicate ignored

\pgfpages@shipoutshipoutbox ...physicalpagesizes }
                                                  \endgroup 
l.153 \end{frame}
                 

] [12

pdfTeX warning (ext4): destination with the same identifier (name{Navigation11}
) has been already used, duplicate ignored

\pgfpages@shipoutshipoutbox ...physicalpagesizes }
                                                  \endgroup 
l.165 \end{frame}
                 pdfTeX warning (ext4): destination with the same identifier (n
ame{page.11}) has been already used, duplicate ignored

\pgfpages@shipoutshipoutbox ...physicalpagesizes }
                                                  \endgroup 
l.165 \end{frame}
                 

]
Overfull \vbox (33.43155pt too high) detected at line 179
 []

[13

pdfTeX warning (ext4): destination with the same identifier (name{Navigation12}
) has been already used, duplicate ignored

\pgfpages@shipoutshipoutbox ...physicalpagesizes }
                                                  \endgroup 
l.179 \end{frame}
                 pdfTeX warning (ext4): destination with the same identifier (n
ame{page.12}) has been already used, duplicate ignored

\pgfpages@shipoutshipoutbox ...physicalpagesizes }
                                                  \endgroup 
l.179 \end{frame}
                 

]
Overfull \vbox (183.64594pt too high) detected at line 207
 []

[14

pdfTeX warning (ext4): destination with the same identifier (name{Navigation13}
) has been already used, duplicate ignored

\pgfpages@shipoutshipoutbox ...physicalpagesizes }
                                                  \endgroup 
l.207 \end{frame}
                 pdfTeX warning (ext4): destination with the same identifier (n
ame{page.13}) has been already used, duplicate ignored

\pgfpages@shipoutshipoutbox ...physicalpagesizes }
                                                  \endgroup 
l.207 \end{frame}
                 

]
Overfull \vbox (58.72662pt too high) detected at line 222
 []

[15

pdfTeX warning (ext4): destination with the same identifier (name{Navigation14}
) has been already used, duplicate ignored

\pgfpages@shipoutshipoutbox ...physicalpagesizes }
                                                  \endgroup 
l.222 \end{frame}
                 pdfTeX warning (ext4): destination with the same identifier (n
ame{page.14}) has been already used, duplicate ignored

\pgfpages@shipoutshipoutbox ...physicalpagesizes }
                                                  \endgroup 
l.222 \end{frame}
                 

] [16

pdfTeX warning (ext4): destination with the same identifier (name{Navigation15}
) has been already used, duplicate ignored

\pgfpages@shipoutshipoutbox ...physicalpagesizes }
                                                  \endgroup 
l.235 \end{frame}
                 pdfTeX warning (ext4): destination with the same identifier (n
ame{page.15}) has been already used, duplicate ignored

\pgfpages@shipoutshipoutbox ...physicalpagesizes }
                                                  \endgroup 
l.235 \end{frame}
                 

] [17

pdfTeX warning (ext4): destination with the same identifier (name{Navigation16}
) has been already used, duplicate ignored

\pgfpages@shipoutshipoutbox ...physicalpagesizes }
                                                  \endgroup 
l.243 \end{frame}
                 pdfTeX warning (ext4): destination with the same identifier (n
ame{page.16}) has been already used, duplicate ignored

\pgfpages@shipoutshipoutbox ...physicalpagesizes }
                                                  \endgroup 
l.243 \end{frame}
                 

]
Overfull \vbox (451.202pt too high) detected at line 280
 []

[18

pdfTeX warning (ext4): destination with the same identifier (name{Navigation17}
) has been already used, duplicate ignored

\pgfpages@shipoutshipoutbox ...physicalpagesizes }
                                                  \endgroup 
l.280 \end{frame}
                 pdfTeX warning (ext4): destination with the same identifier (n
ame{page.17}) has been already used, duplicate ignored

\pgfpages@shipoutshipoutbox ...physicalpagesizes }
                                                  \endgroup 
l.280 \end{frame}
                 

] [19

pdfTeX warning (ext4): destination with the same identifier (name{Navigation18}
) has been already used, duplicate ignored

\pgfpages@shipoutshipoutbox ...physicalpagesizes }
                                                  \endgroup 
l.291 \end{frame}
                 pdfTeX warning (ext4): destination with the same identifier (n
ame{page.18}) has been already used, duplicate ignored

\pgfpages@shipoutshipoutbox ...physicalpagesizes }
                                                  \endgroup 
l.291 \end{frame}
                 

] [20

pdfTeX warning (ext4): destination with the same identifier (name{Navigation19}
) has been already used, duplicate ignored

\pgfpages@shipoutshipoutbox ...physicalpagesizes }
                                                  \endgroup 
l.303 \end{frame}
                 pdfTeX warning (ext4): destination with the same identifier (n
ame{page.19}) has been already used, duplicate ignored

\pgfpages@shipoutshipoutbox ...physicalpagesizes }
                                                  \endgroup 
l.303 \end{frame}
                 

] [21

pdfTeX warning (ext4): destination with the same identifier (name{Navigation20}
) has been already used, duplicate ignored

\pgfpages@shipoutshipoutbox ...physicalpagesizes }
                                                  \endgroup 
l.316 \end{frame}
                 pdfTeX warning (ext4): destination with the same identifier (n
ame{page.20}) has been already used, duplicate ignored

\pgfpages@shipoutshipoutbox ...physicalpagesizes }
                                                  \endgroup 
l.316 \end{frame}
                 

] [22

pdfTeX warning (ext4): destination with the same identifier (name{Navigation21}
) has been already used, duplicate ignored

\pgfpages@shipoutshipoutbox ...physicalpagesizes }
                                                  \endgroup 
l.327 \end{frame}
                 pdfTeX warning (ext4): destination with the same identifier (n
ame{page.21}) has been already used, duplicate ignored

\pgfpages@shipoutshipoutbox ...physicalpagesizes }
                                                  \endgroup 
l.327 \end{frame}
                 

]
Underfull \vbox (badness 10000) has occurred while \output is active []

 [23

pdfTeX warning (ext4): destination with the same identifier (name{Navigation22}
) has been already used, duplicate ignored

\pgfpages@shipoutshipoutbox ...physicalpagesizes }
                                                  \endgroup 
l.340 \end{frame}
                 pdfTeX warning (ext4): destination with the same identifier (n
ame{page.22}) has been already used, duplicate ignored

\pgfpages@shipoutshipoutbox ...physicalpagesizes }
                                                  \endgroup 
l.340 \end{frame}
                 

]
Overfull \vbox (12.0pt too high) has occurred while \output is active []

 [24

pdfTeX warning (ext4): destination with the same identifier (name{Navigation22}
) has been already used, duplicate ignored

\pgfpages@shipoutshipoutbox ...physicalpagesizes }
                                                  \endgroup 
l.340 \end{frame}
                 pdfTeX warning (ext4): destination with the same identifier (n
ame{page.22}) has been already used, duplicate ignored

\pgfpages@shipoutshipoutbox ...physicalpagesizes }
                                                  \endgroup 
l.340 \end{frame}
                 

] [25pdfTeX warning (ext4): destination with the same identifier (name{Navigati
on24}) has been already used, duplicate ignored

\pgfpages@shipoutshipoutbox ...physicalpagesizes }
                                                  \endgroup 
l.350 \end{frame}
                 pdfTeX warning (ext4): destination with the same identifier (n
ame{page.24}) has been already used, duplicate ignored

\pgfpages@shipoutshipoutbox ...physicalpagesizes }
                                                  \endgroup 
l.350 \end{frame}
                 

] [26

pdfTeX warning (ext4): destination with the same identifier (name{Navigation25}
) has been already used, duplicate ignored

\pgfpages@shipoutshipoutbox ...physicalpagesizes }
                                                  \endgroup 
l.362 \end{frame}
                 pdfTeX warning (ext4): destination with the same identifier (n
ame{page.25}) has been already used, duplicate ignored

\pgfpages@shipoutshipoutbox ...physicalpagesizes }
                                                  \endgroup 
l.362 \end{frame}
                 

] [27

pdfTeX warning (ext4): destination with the same identifier (name{Navigation26}
) has been already used, duplicate ignored

\pgfpages@shipoutshipoutbox ...physicalpagesizes }
                                                  \endgroup 
l.368 \end{frame}
                 pdfTeX warning (ext4): destination with the same identifier (n
ame{page.26}) has been already used, duplicate ignored

\pgfpages@shipoutshipoutbox ...physicalpagesizes }
                                                  \endgroup 
l.368 \end{frame}
                 

] [28

pdfTeX warning (ext4): destination with the same identifier (name{Navigation27}
) has been already used, duplicate ignored

\pgfpages@shipoutshipoutbox ...physicalpagesizes }
                                                  \endgroup 
l.376 \end{frame}
                 pdfTeX warning (ext4): destination with the same identifier (n
ame{page.27}) has been already used, duplicate ignored

\pgfpages@shipoutshipoutbox ...physicalpagesizes }
                                                  \endgroup 
l.376 \end{frame}
                 

]
Underfull \vbox (badness 10000) has occurred while \output is active []

 [29

pdfTeX warning (ext4): destination with the same identifier (name{Navigation28}
) has been already used, duplicate ignored

\pgfpages@shipoutshipoutbox ...physicalpagesizes }
                                                  \endgroup 
l.393 \end{frame}
                 pdfTeX warning (ext4): destination with the same identifier (n
ame{page.28}) has been already used, duplicate ignored

\pgfpages@shipoutshipoutbox ...physicalpagesizes }
                                                  \endgroup 
l.393 \end{frame}
                 

] [30

pdfTeX warning (ext4): destination with the same identifier (name{Navigation28}
) has been already used, duplicate ignored

\pgfpages@shipoutshipoutbox ...physicalpagesizes }
                                                  \endgroup 
l.393 \end{frame}
                 pdfTeX warning (ext4): destination with the same identifier (n
ame{page.28}) has been already used, duplicate ignored

\pgfpages@shipoutshipoutbox ...physicalpagesizes }
                                                  \endgroup 
l.393 \end{frame}
                 

] [31pdfTeX warning (ext4): destination with the same identifier (name{Navigati
on30}) has been already used, duplicate ignored

\pgfpages@shipoutshipoutbox ...physicalpagesizes }
                                                  \endgroup 
l.404 \end{frame}
                 pdfTeX warning (ext4): destination with the same identifier (n
ame{page.30}) has been already used, duplicate ignored

\pgfpages@shipoutshipoutbox ...physicalpagesizes }
                                                  \endgroup 
l.404 \end{frame}
                 

] [32

pdfTeX warning (ext4): destination with the same identifier (name{Navigation31}
) has been already used, duplicate ignored

\pgfpages@shipoutshipoutbox ...physicalpagesizes }
                                                  \endgroup 
l.423 \end{frame}
                 pdfTeX warning (ext4): destination with the same identifier (n
ame{page.31}) has been already used, duplicate ignored

\pgfpages@shipoutshipoutbox ...physicalpagesizes }
                                                  \endgroup 
l.423 \end{frame}
                 

] [33

pdfTeX warning (ext4): destination with the same identifier (name{Navigation32}
) has been already used, duplicate ignored

\pgfpages@shipoutshipoutbox ...physicalpagesizes }
                                                  \endgroup 
l.432 \end{frame}
                 pdfTeX warning (ext4): destination with the same identifier (n
ame{page.32}) has been already used, duplicate ignored

\pgfpages@shipoutshipoutbox ...physicalpagesizes }
                                                  \endgroup 
l.432 \end{frame}
                 

] [34

pdfTeX warning (ext4): destination with the same identifier (name{Navigation33}
) has been already used, duplicate ignored

\pgfpages@shipoutshipoutbox ...physicalpagesizes }
                                                  \endgroup 
l.449 \end{frame}
                 pdfTeX warning (ext4): destination with the same identifier (n
ame{page.33}) has been already used, duplicate ignored

\pgfpages@shipoutshipoutbox ...physicalpagesizes }
                                                  \endgroup 
l.449 \end{frame}
                 

] [35

pdfTeX warning (ext4): destination with the same identifier (name{Navigation34}
) has been already used, duplicate ignored

\pgfpages@shipoutshipoutbox ...physicalpagesizes }
                                                  \endgroup 
l.456 \end{frame}
                 pdfTeX warning (ext4): destination with the same identifier (n
ame{page.34}) has been already used, duplicate ignored

\pgfpages@shipoutshipoutbox ...physicalpagesizes }
                                                  \endgroup 
l.456 \end{frame}
                 

] [36

pdfTeX warning (ext4): destination with the same identifier (name{Navigation35}
) has been already used, duplicate ignored

\pgfpages@shipoutshipoutbox ...physicalpagesizes }
                                                  \endgroup 
l.467 \end{frame}
                 pdfTeX warning (ext4): destination with the same identifier (n
ame{page.35}) has been already used, duplicate ignored

\pgfpages@shipoutshipoutbox ...physicalpagesizes }
                                                  \endgroup 
l.467 \end{frame}
                 

] [37

pdfTeX warning (ext4): destination with the same identifier (name{Navigation36}
) has been already used, duplicate ignored

\pgfpages@shipoutshipoutbox ...physicalpagesizes }
                                                  \endgroup 
l.481 \end{frame}
                 pdfTeX warning (ext4): destination with the same identifier (n
ame{page.36}) has been already used, duplicate ignored

\pgfpages@shipoutshipoutbox ...physicalpagesizes }
                                                  \endgroup 
l.481 \end{frame}
                 

] [38

pdfTeX warning (ext4): destination with the same identifier (name{Navigation37}
) has been already used, duplicate ignored

\pgfpages@shipoutshipoutbox ...physicalpagesizes }
                                                  \endgroup 
l.497 \end{frame}
                 pdfTeX warning (ext4): destination with the same identifier (n
ame{page.37}) has been already used, duplicate ignored

\pgfpages@shipoutshipoutbox ...physicalpagesizes }
                                                  \endgroup 
l.497 \end{frame}
                 

] [39

pdfTeX warning (ext4): destination with the same identifier (name{Navigation38}
) has been already used, duplicate ignored

\pgfpages@shipoutshipoutbox ...physicalpagesizes }
                                                  \endgroup 
l.517 \end{frame}
                 pdfTeX warning (ext4): destination with the same identifier (n
ame{page.38}) has been already used, duplicate ignored

\pgfpages@shipoutshipoutbox ...physicalpagesizes }
                                                  \endgroup 
l.517 \end{frame}
                 

] [40

pdfTeX warning (ext4): destination with the same identifier (name{Navigation39}
) has been already used, duplicate ignored

\pgfpages@shipoutshipoutbox ...physicalpagesizes }
                                                  \endgroup 
l.533 \end{frame}
                 pdfTeX warning (ext4): destination with the same identifier (n
ame{page.39}) has been already used, duplicate ignored

\pgfpages@shipoutshipoutbox ...physicalpagesizes }
                                                  \endgroup 
l.533 \end{frame}
                 

] [41

pdfTeX warning (ext4): destination with the same identifier (name{Navigation40}
) has been already used, duplicate ignored

\pgfpages@shipoutshipoutbox ...physicalpagesizes }
                                                  \endgroup 
l.543 \end{frame}
                 pdfTeX warning (ext4): destination with the same identifier (n
ame{page.40}) has been already used, duplicate ignored

\pgfpages@shipoutshipoutbox ...physicalpagesizes }
                                                  \endgroup 
l.543 \end{frame}
                 

] [42

pdfTeX warning (ext4): destination with the same identifier (name{Navigation41}
) has been already used, duplicate ignored

\pgfpages@shipoutshipoutbox ...physicalpagesizes }
                                                  \endgroup 
l.559 \end{frame}
                 pdfTeX warning (ext4): destination with the same identifier (n
ame{page.41}) has been already used, duplicate ignored

\pgfpages@shipoutshipoutbox ...physicalpagesizes }
                                                  \endgroup 
l.559 \end{frame}
                 

]
Underfull \vbox (badness 10000) has occurred while \output is active []

 [43

pdfTeX warning (ext4): destination with the same identifier (name{Navigation42}
) has been already used, duplicate ignored

\pgfpages@shipoutshipoutbox ...physicalpagesizes }
                                                  \endgroup 
l.572 \end{frame}
                 pdfTeX warning (ext4): destination with the same identifier (n
ame{page.42}) has been already used, duplicate ignored

\pgfpages@shipoutshipoutbox ...physicalpagesizes }
                                                  \endgroup 
l.572 \end{frame}
                 

] [44

pdfTeX warning (ext4): destination with the same identifier (name{Navigation42}
) has been already used, duplicate ignored

\pgfpages@shipoutshipoutbox ...physicalpagesizes }
                                                  \endgroup 
l.572 \end{frame}
                 pdfTeX warning (ext4): destination with the same identifier (n
ame{page.42}) has been already used, duplicate ignored

\pgfpages@shipoutshipoutbox ...physicalpagesizes }
                                                  \endgroup 
l.572 \end{frame}
                 

]
Overfull \vbox (18.75412pt too high) detected at line 596
 []

[45pdfTeX warning (ext4): destination with the same identifier (name{Navigation
44}) has been already used, duplicate ignored

\pgfpages@shipoutshipoutbox ...physicalpagesizes }
                                                  \endgroup 
l.596 \end{frame}
                 pdfTeX warning (ext4): destination with the same identifier (n
ame{page.44}) has been already used, duplicate ignored

\pgfpages@shipoutshipoutbox ...physicalpagesizes }
                                                  \endgroup 
l.596 \end{frame}
                 

]
Overfull \vbox (84.93404pt too high) detected at line 626
 []

[46

pdfTeX warning (ext4): destination with the same identifier (name{Navigation45}
) has been already used, duplicate ignored

\pgfpages@shipoutshipoutbox ...physicalpagesizes }
                                                  \endgroup 
l.626 \end{frame}
                 pdfTeX warning (ext4): destination with the same identifier (n
ame{page.45}) has been already used, duplicate ignored

\pgfpages@shipoutshipoutbox ...physicalpagesizes }
                                                  \endgroup 
l.626 \end{frame}
                 

]
\tf@nav=\write6
\tf@toc=\write7
\tf@snm=\write8
 [47

pdfTeX warning (ext4): destination with the same identifier (name{Navigation46}
) has been already used, duplicate ignored

\pgfpages@shipoutshipoutbox ...physicalpagesizes }
                                                  \endgroup 
l.629 \end{document}
                    pdfTeX warning (ext4): destination with the same identifier
 (name{page.46}) has been already used, duplicate ignored

\pgfpages@shipoutshipoutbox ...physicalpagesizes }
                                                  \endgroup 
l.629 \end{document}
                    

]
Package atveryend Info: Empty hook `BeforeClearDocument' on input line 629.
Package atveryend Info: Empty hook `AfterLastShipout' on input line 629.
 (main.article.SplitPageWithNotes.aux)
Package atveryend Info: Executing hook `AtVeryEndDocument' on input line 629.
Package atveryend Info: Executing hook `AtEndAfterFileList' on input line 629.
Package rerunfilecheck Info: File `main.article.SplitPageWithNotes.out' has not
 changed.
(rerunfilecheck)             Checksum: F1F1C00EA9678CF1C0A93A1A4F84DC86;944.


LaTeX Font Warning: Size substitutions with differences
(Font)              up to 1.0pt have occurred.

Package atveryend Info: Empty hook `AtVeryVeryEnd' on input line 629.
 ) ) 
Here is how much of TeX's memory you used:
 17248 strings out of 493673
 334903 string characters out of 3141529
 499108 words of memory out of 3000000
 20076 multiletter control sequences out of 15000+200000
 16498 words of font info for 61 fonts, out of 3000000 for 9000
 1025 hyphenation exceptions out of 8191
 56i,20n,66p,700b,865s stack positions out of 5000i,500n,10000p,200000b,50000s
<C:/Program Files (x86)/MiKTeX 2.9/fonts/type1/public/amsfonts/cm/cmbx10.pf
b><C:/Program Files (x86)/MiKTeX 2.9/fonts/type1/public/amsfonts/cm/cmbx8.pfb><
C:/Program Files (x86)/MiKTeX 2.9/fonts/type1/public/amsfonts/cm/cmex10.pfb><C:
/Program Files (x86)/MiKTeX 2.9/fonts/type1/public/amsfonts/cm/cmmi10.pfb><C:/P
rogram Files (x86)/MiKTeX 2.9/fonts/type1/public/amsfonts/cm/cmmi12.pfb><C:/Pro
gram Files (x86)/MiKTeX 2.9/fonts/type1/public/amsfonts/cm/cmmi6.pfb><C:/Progra
m Files (x86)/MiKTeX 2.9/fonts/type1/public/amsfonts/cm/cmmi8.pfb><C:/Program F
iles (x86)/MiKTeX 2.9/fonts/type1/public/amsfonts/cm/cmr10.pfb><C:/Program File
s (x86)/MiKTeX 2.9/fonts/type1/public/amsfonts/cm/cmr6.pfb><C:/Program Files (x
86)/MiKTeX 2.9/fonts/type1/public/amsfonts/cm/cmr8.pfb><C:/Program Files (x86)/
MiKTeX 2.9/fonts/type1/public/amsfonts/cm/cmss10.pfb><C:/Program Files (x86)/Mi
KTeX 2.9/fonts/type1/public/amsfonts/cm/cmss12.pfb><C:/Program Files (x86)/MiKT
eX 2.9/fonts/type1/public/amsfonts/cm/cmss8.pfb><C:/Program Files (x86)/MiKTeX 
2.9/fonts/type1/public/amsfonts/cm/cmssbx10.pfb><C:/Program Files (x86)/MiKTeX 
2.9/fonts/type1/public/amsfonts/cm/cmssi10.pfb><C:/Program Files (x86)/MiKTeX 2
.9/fonts/type1/public/amsfonts/cm/cmssi8.pfb><C:/Program Files (x86)/MiKTeX 2.9
/fonts/type1/public/amsfonts/cm/cmsy10.pfb><C:/Program Files (x86)/MiKTeX 2.9/f
onts/type1/public/amsfonts/cm/cmsy6.pfb><C:/Program Files (x86)/MiKTeX 2.9/font
s/type1/public/amsfonts/cm/cmsy8.pfb><C:/Program Files (x86)/MiKTeX 2.9/fonts/t
ype1/public/amsfonts/symbols/msam10.pfb><C:/Program Files (x86)/MiKTeX 2.9/font
s/type1/public/amsfonts/symbols/msbm10.pfb>
Output written on main.article.SplitPageWithNotes.pdf (46 pages, 736373 bytes).

PDF statistics:
 2482 PDF objects out of 2487 (max. 8388607)
 109 named destinations out of 1000 (max. 500000)
 221 words of extra memory for PDF output out of 10000 (max. 10000000)

