This is pdfTeX, Version 3.14159265-2.6-1.40.16 (MiKTeX 2.9) (preloaded format=pdflatex 2016.3.13)  23 MAR 2016 09:00
entering extended mode
**C:/Users/Jared/Documents/Masters-Project/Chapters/Chapter1.tex
(C:/Users/Jared/Documents/Masters-Project/Chapters/Chapter1.tex
LaTeX2e <2015/01/01> patch level 2
Babel <3.9m> and hyphenation patterns for 69 languages loaded.
! Undefined control sequence.
l.3 \chapter
            {Basic Notions of Representation Theory} % Main chapter title
? 
! Emergency stop.
l.3 \chapter
            {Basic Notions of Representation Theory} % Main chapter title
End of file on the terminal!

 
Here is how much of TeX's memory you used:
 7 strings out of 493673
 242 string characters out of 3141530
 52455 words of memory out of 3000000
 3454 multiletter control sequences out of 15000+200000
 3640 words of font info for 14 fonts, out of 3000000 for 9000
 1025 hyphenation exceptions out of 8191
 5i,0n,1p,135b,8s stack positions out of 5000i,500n,10000p,200000b,50000s
!  ==> Fatal error occurred, no output PDF file produced!
